

Started GET "/" for 127.0.0.1 at 2014-10-21 23:15:59 +0530
Processing by Rails::WelcomeController#index as HTML
  Rendered /home/rails/.rvm/gems/ruby-2.1.3@robot_app/gems/railties-4.1.6/lib/rails/templates/rails/welcome/index.html.erb (2.8ms)
Completed 200 OK in 29ms (Views: 7.5ms | ActiveRecord: 0.0ms)


Started GET "/" for 127.0.0.1 at 2014-10-21 23:21:20 +0530
Processing by HomeController#index as HTML
  Rendered home/index.html.erb within layouts/application (2.7ms)
Completed 200 OK in 565ms (Views: 543.7ms | ActiveRecord: 0.0ms)


Started GET "/assets/application.css?body=1" for 127.0.0.1 at 2014-10-21 23:21:20 +0530


Started GET "/assets/jquery.js?body=1" for 127.0.0.1 at 2014-10-21 23:21:20 +0530


Started GET "/assets/turbolinks.js?body=1" for 127.0.0.1 at 2014-10-21 23:21:20 +0530


Started GET "/assets/jquery_ujs.js?body=1" for 127.0.0.1 at 2014-10-21 23:21:20 +0530


Started GET "/assets/application.js?body=1" for 127.0.0.1 at 2014-10-21 23:21:20 +0530


Started GET "/" for 127.0.0.1 at 2014-10-21 23:22:59 +0530
Processing by HomeController#index as HTML
  Rendered home/index.html.erb within layouts/application (0.1ms)
Completed 200 OK in 162ms (Views: 161.9ms | ActiveRecord: 0.0ms)


Started GET "/assets/bootstrap-theme.css?body=1" for 127.0.0.1 at 2014-10-21 23:22:59 +0530


Started GET "/stylesheets/bootstrap-theme.css.map.css" for 127.0.0.1 at 2014-10-21 23:22:59 +0530

ActionController::RoutingError (No route matches [GET] "/stylesheets/bootstrap-theme.css.map.css"):
  actionpack (4.1.6) lib/action_dispatch/middleware/debug_exceptions.rb:21:in `call'
  actionpack (4.1.6) lib/action_dispatch/middleware/show_exceptions.rb:30:in `call'
  railties (4.1.6) lib/rails/rack/logger.rb:38:in `call_app'
  railties (4.1.6) lib/rails/rack/logger.rb:20:in `block in call'
  activesupport (4.1.6) lib/active_support/tagged_logging.rb:68:in `block in tagged'
  activesupport (4.1.6) lib/active_support/tagged_logging.rb:26:in `tagged'
  activesupport (4.1.6) lib/active_support/tagged_logging.rb:68:in `tagged'
  railties (4.1.6) lib/rails/rack/logger.rb:20:in `call'
  actionpack (4.1.6) lib/action_dispatch/middleware/request_id.rb:21:in `call'
  rack (1.5.2) lib/rack/methodoverride.rb:21:in `call'
  rack (1.5.2) lib/rack/runtime.rb:17:in `call'
  activesupport (4.1.6) lib/active_support/cache/strategy/local_cache_middleware.rb:26:in `call'
  rack (1.5.2) lib/rack/lock.rb:17:in `call'
  actionpack (4.1.6) lib/action_dispatch/middleware/static.rb:64:in `call'
  rack (1.5.2) lib/rack/sendfile.rb:112:in `call'
  railties (4.1.6) lib/rails/engine.rb:514:in `call'
  railties (4.1.6) lib/rails/application.rb:144:in `call'
  rack (1.5.2) lib/rack/lock.rb:17:in `call'
  rack (1.5.2) lib/rack/content_length.rb:14:in `call'
  rack (1.5.2) lib/rack/handler/webrick.rb:60:in `service'
  /home/rails/.rvm/rubies/ruby-2.1.3/lib/ruby/2.1.0/webrick/httpserver.rb:138:in `service'
  /home/rails/.rvm/rubies/ruby-2.1.3/lib/ruby/2.1.0/webrick/httpserver.rb:94:in `run'
  /home/rails/.rvm/rubies/ruby-2.1.3/lib/ruby/2.1.0/webrick/server.rb:295:in `block in start_thread'


  Rendered /home/rails/.rvm/gems/ruby-2.1.3@robot_app/gems/actionpack-4.1.6/lib/action_dispatch/middleware/templates/rescues/_trace.html.erb (2.5ms)
  Rendered /home/rails/.rvm/gems/ruby-2.1.3@robot_app/gems/actionpack-4.1.6/lib/action_dispatch/middleware/templates/routes/_route.html.erb (0.8ms)
  Rendered /home/rails/.rvm/gems/ruby-2.1.3@robot_app/gems/actionpack-4.1.6/lib/action_dispatch/middleware/templates/routes/_table.html.erb (6.1ms)
  Rendered /home/rails/.rvm/gems/ruby-2.1.3@robot_app/gems/actionpack-4.1.6/lib/action_dispatch/middleware/templates/rescues/routing_error.html.erb within rescues/layout (26.5ms)


Started GET "/assets/bootstrap.css?body=1" for 127.0.0.1 at 2014-10-21 23:22:59 +0530


Started GET "/assets/style.css?body=1" for 127.0.0.1 at 2014-10-21 23:22:59 +0530


Started GET "/assets/bootstrap-theme.min.css?body=1" for 127.0.0.1 at 2014-10-21 23:22:59 +0530


Started GET "/stylesheets/bootstrap.css.map.css" for 127.0.0.1 at 2014-10-21 23:22:59 +0530

ActionController::RoutingError (No route matches [GET] "/stylesheets/bootstrap.css.map.css"):
  actionpack (4.1.6) lib/action_dispatch/middleware/debug_exceptions.rb:21:in `call'
  actionpack (4.1.6) lib/action_dispatch/middleware/show_exceptions.rb:30:in `call'
  railties (4.1.6) lib/rails/rack/logger.rb:38:in `call_app'
  railties (4.1.6) lib/rails/rack/logger.rb:20:in `block in call'
  activesupport (4.1.6) lib/active_support/tagged_logging.rb:68:in `block in tagged'
  activesupport (4.1.6) lib/active_support/tagged_logging.rb:26:in `tagged'
  activesupport (4.1.6) lib/active_support/tagged_logging.rb:68:in `tagged'
  railties (4.1.6) lib/rails/rack/logger.rb:20:in `call'
  actionpack (4.1.6) lib/action_dispatch/middleware/request_id.rb:21:in `call'
  rack (1.5.2) lib/rack/methodoverride.rb:21:in `call'
  rack (1.5.2) lib/rack/runtime.rb:17:in `call'
  activesupport (4.1.6) lib/active_support/cache/strategy/local_cache_middleware.rb:26:in `call'
  rack (1.5.2) lib/rack/lock.rb:17:in `call'
  actionpack (4.1.6) lib/action_dispatch/middleware/static.rb:64:in `call'
  rack (1.5.2) lib/rack/sendfile.rb:112:in `call'
  railties (4.1.6) lib/rails/engine.rb:514:in `call'
  railties (4.1.6) lib/rails/application.rb:144:in `call'
  rack (1.5.2) lib/rack/lock.rb:17:in `call'
  rack (1.5.2) lib/rack/content_length.rb:14:in `call'
  rack (1.5.2) lib/rack/handler/webrick.rb:60:in `service'
  /home/rails/.rvm/rubies/ruby-2.1.3/lib/ruby/2.1.0/webrick/httpserver.rb:138:in `service'
  /home/rails/.rvm/rubies/ruby-2.1.3/lib/ruby/2.1.0/webrick/httpserver.rb:94:in `run'
  /home/rails/.rvm/rubies/ruby-2.1.3/lib/ruby/2.1.0/webrick/server.rb:295:in `block in start_thread'


  Rendered /home/rails/.rvm/gems/ruby-2.1.3@robot_app/gems/actionpack-4.1.6/lib/action_dispatch/middleware/templates/rescues/_trace.html.erb (2.0ms)
  Rendered /home/rails/.rvm/gems/ruby-2.1.3@robot_app/gems/actionpack-4.1.6/lib/action_dispatch/middleware/templates/routes/_route.html.erb (1.6ms)
  Rendered /home/rails/.rvm/gems/ruby-2.1.3@robot_app/gems/actionpack-4.1.6/lib/action_dispatch/middleware/templates/routes/_table.html.erb (1.8ms)
  Rendered /home/rails/.rvm/gems/ruby-2.1.3@robot_app/gems/actionpack-4.1.6/lib/action_dispatch/middleware/templates/rescues/routing_error.html.erb within rescues/layout (23.8ms)


Started GET "/assets/bootstrap.min.css?body=1" for 127.0.0.1 at 2014-10-21 23:22:59 +0530


Started GET "/assets/application.css?body=1" for 127.0.0.1 at 2014-10-21 23:22:59 +0530


Started GET "/assets/jquery.js?body=1" for 127.0.0.1 at 2014-10-21 23:22:59 +0530


Started GET "/assets/jquery_ujs.js?body=1" for 127.0.0.1 at 2014-10-21 23:22:59 +0530


Started GET "/assets/turbolinks.js?body=1" for 127.0.0.1 at 2014-10-21 23:22:59 +0530


Started GET "/assets/bootstrap.js?body=1" for 127.0.0.1 at 2014-10-21 23:22:59 +0530


Started GET "/assets/bootstrap.min.js?body=1" for 127.0.0.1 at 2014-10-21 23:22:59 +0530


Started GET "/assets/application.js?body=1" for 127.0.0.1 at 2014-10-21 23:22:59 +0530


Started GET "/" for 127.0.0.1 at 2014-10-21 23:24:34 +0530
Processing by HomeController#index as HTML
  Rendered home/index.html.erb within layouts/application (0.8ms)
Completed 200 OK in 68ms (Views: 67.3ms | ActiveRecord: 0.0ms)


Started GET "/assets/bootstrap-theme.css?body=1" for 127.0.0.1 at 2014-10-21 23:24:34 +0530


Started GET "/assets/bootstrap-theme.min.css?body=1" for 127.0.0.1 at 2014-10-21 23:24:34 +0530


Started GET "/assets/bootstrap.min.css?body=1" for 127.0.0.1 at 2014-10-21 23:24:34 +0530


Started GET "/assets/style.css?body=1" for 127.0.0.1 at 2014-10-21 23:24:34 +0530


Started GET "/stylesheets/bootstrap-theme.css.map.css" for 127.0.0.1 at 2014-10-21 23:24:34 +0530

ActionController::RoutingError (No route matches [GET] "/stylesheets/bootstrap-theme.css.map.css"):
  actionpack (4.1.6) lib/action_dispatch/middleware/debug_exceptions.rb:21:in `call'
  actionpack (4.1.6) lib/action_dispatch/middleware/show_exceptions.rb:30:in `call'
  railties (4.1.6) lib/rails/rack/logger.rb:38:in `call_app'
  railties (4.1.6) lib/rails/rack/logger.rb:20:in `block in call'
  activesupport (4.1.6) lib/active_support/tagged_logging.rb:68:in `block in tagged'
  activesupport (4.1.6) lib/active_support/tagged_logging.rb:26:in `tagged'
  activesupport (4.1.6) lib/active_support/tagged_logging.rb:68:in `tagged'
  railties (4.1.6) lib/rails/rack/logger.rb:20:in `call'
  actionpack (4.1.6) lib/action_dispatch/middleware/request_id.rb:21:in `call'
  rack (1.5.2) lib/rack/methodoverride.rb:21:in `call'
  rack (1.5.2) lib/rack/runtime.rb:17:in `call'
  activesupport (4.1.6) lib/active_support/cache/strategy/local_cache_middleware.rb:26:in `call'
  rack (1.5.2) lib/rack/lock.rb:17:in `call'
  actionpack (4.1.6) lib/action_dispatch/middleware/static.rb:64:in `call'
  rack (1.5.2) lib/rack/sendfile.rb:112:in `call'
  railties (4.1.6) lib/rails/engine.rb:514:in `call'
  railties (4.1.6) lib/rails/application.rb:144:in `call'
  rack (1.5.2) lib/rack/lock.rb:17:in `call'
  rack (1.5.2) lib/rack/content_length.rb:14:in `call'
  rack (1.5.2) lib/rack/handler/webrick.rb:60:in `service'
  /home/rails/.rvm/rubies/ruby-2.1.3/lib/ruby/2.1.0/webrick/httpserver.rb:138:in `service'
  /home/rails/.rvm/rubies/ruby-2.1.3/lib/ruby/2.1.0/webrick/httpserver.rb:94:in `run'
  /home/rails/.rvm/rubies/ruby-2.1.3/lib/ruby/2.1.0/webrick/server.rb:295:in `block in start_thread'


  Rendered /home/rails/.rvm/gems/ruby-2.1.3@robot_app/gems/actionpack-4.1.6/lib/action_dispatch/middleware/templates/rescues/_trace.html.erb (1.2ms)
  Rendered /home/rails/.rvm/gems/ruby-2.1.3@robot_app/gems/actionpack-4.1.6/lib/action_dispatch/middleware/templates/routes/_route.html.erb (0.9ms)
  Rendered /home/rails/.rvm/gems/ruby-2.1.3@robot_app/gems/actionpack-4.1.6/lib/action_dispatch/middleware/templates/routes/_table.html.erb (1.2ms)
  Rendered /home/rails/.rvm/gems/ruby-2.1.3@robot_app/gems/actionpack-4.1.6/lib/action_dispatch/middleware/templates/rescues/routing_error.html.erb within rescues/layout (16.2ms)


Started GET "/assets/bootstrap.css?body=1" for 127.0.0.1 at 2014-10-21 23:24:34 +0530


Started GET "/stylesheets/bootstrap.css.map.css" for 127.0.0.1 at 2014-10-21 23:24:34 +0530

ActionController::RoutingError (No route matches [GET] "/stylesheets/bootstrap.css.map.css"):
  actionpack (4.1.6) lib/action_dispatch/middleware/debug_exceptions.rb:21:in `call'
  actionpack (4.1.6) lib/action_dispatch/middleware/show_exceptions.rb:30:in `call'
  railties (4.1.6) lib/rails/rack/logger.rb:38:in `call_app'
  railties (4.1.6) lib/rails/rack/logger.rb:20:in `block in call'
  activesupport (4.1.6) lib/active_support/tagged_logging.rb:68:in `block in tagged'
  activesupport (4.1.6) lib/active_support/tagged_logging.rb:26:in `tagged'
  activesupport (4.1.6) lib/active_support/tagged_logging.rb:68:in `tagged'
  railties (4.1.6) lib/rails/rack/logger.rb:20:in `call'
  actionpack (4.1.6) lib/action_dispatch/middleware/request_id.rb:21:in `call'
  rack (1.5.2) lib/rack/methodoverride.rb:21:in `call'
  rack (1.5.2) lib/rack/runtime.rb:17:in `call'
  activesupport (4.1.6) lib/active_support/cache/strategy/local_cache_middleware.rb:26:in `call'
  rack (1.5.2) lib/rack/lock.rb:17:in `call'
  actionpack (4.1.6) lib/action_dispatch/middleware/static.rb:64:in `call'
  rack (1.5.2) lib/rack/sendfile.rb:112:in `call'
  railties (4.1.6) lib/rails/engine.rb:514:in `call'
  railties (4.1.6) lib/rails/application.rb:144:in `call'
  rack (1.5.2) lib/rack/lock.rb:17:in `call'
  rack (1.5.2) lib/rack/content_length.rb:14:in `call'
  rack (1.5.2) lib/rack/handler/webrick.rb:60:in `service'
  /home/rails/.rvm/rubies/ruby-2.1.3/lib/ruby/2.1.0/webrick/httpserver.rb:138:in `service'
  /home/rails/.rvm/rubies/ruby-2.1.3/lib/ruby/2.1.0/webrick/httpserver.rb:94:in `run'
  /home/rails/.rvm/rubies/ruby-2.1.3/lib/ruby/2.1.0/webrick/server.rb:295:in `block in start_thread'


  Rendered /home/rails/.rvm/gems/ruby-2.1.3@robot_app/gems/actionpack-4.1.6/lib/action_dispatch/middleware/templates/rescues/_trace.html.erb (1.1ms)
  Rendered /home/rails/.rvm/gems/ruby-2.1.3@robot_app/gems/actionpack-4.1.6/lib/action_dispatch/middleware/templates/routes/_route.html.erb (0.9ms)
  Rendered /home/rails/.rvm/gems/ruby-2.1.3@robot_app/gems/actionpack-4.1.6/lib/action_dispatch/middleware/templates/routes/_table.html.erb (1.1ms)
  Rendered /home/rails/.rvm/gems/ruby-2.1.3@robot_app/gems/actionpack-4.1.6/lib/action_dispatch/middleware/templates/rescues/routing_error.html.erb within rescues/layout (15.6ms)


Started GET "/assets/application.css?body=1" for 127.0.0.1 at 2014-10-21 23:24:34 +0530


Started GET "/assets/jquery.js?body=1" for 127.0.0.1 at 2014-10-21 23:24:34 +0530


Started GET "/assets/jquery_ujs.js?body=1" for 127.0.0.1 at 2014-10-21 23:24:34 +0530


Started GET "/assets/turbolinks.js?body=1" for 127.0.0.1 at 2014-10-21 23:24:34 +0530


Started GET "/assets/bootstrap.js?body=1" for 127.0.0.1 at 2014-10-21 23:24:34 +0530


Started GET "/assets/bootstrap.min.js?body=1" for 127.0.0.1 at 2014-10-21 23:24:34 +0530


Started GET "/assets/application.js?body=1" for 127.0.0.1 at 2014-10-21 23:24:34 +0530


Started GET "/" for 127.0.0.1 at 2014-10-21 23:25:50 +0530
Processing by HomeController#index as HTML
  Rendered home/index.html.erb within layouts/application (0.4ms)
Completed 200 OK in 66ms (Views: 66.0ms | ActiveRecord: 0.0ms)


Started GET "/assets/bootstrap-theme.css?body=1" for 127.0.0.1 at 2014-10-21 23:25:50 +0530


Started GET "/assets/bootstrap-theme.min.css?body=1" for 127.0.0.1 at 2014-10-21 23:25:50 +0530


Started GET "/stylesheets/bootstrap-theme.css.map.css" for 127.0.0.1 at 2014-10-21 23:25:50 +0530

ActionController::RoutingError (No route matches [GET] "/stylesheets/bootstrap-theme.css.map.css"):
  actionpack (4.1.6) lib/action_dispatch/middleware/debug_exceptions.rb:21:in `call'
  actionpack (4.1.6) lib/action_dispatch/middleware/show_exceptions.rb:30:in `call'
  railties (4.1.6) lib/rails/rack/logger.rb:38:in `call_app'
  railties (4.1.6) lib/rails/rack/logger.rb:20:in `block in call'
  activesupport (4.1.6) lib/active_support/tagged_logging.rb:68:in `block in tagged'
  activesupport (4.1.6) lib/active_support/tagged_logging.rb:26:in `tagged'
  activesupport (4.1.6) lib/active_support/tagged_logging.rb:68:in `tagged'
  railties (4.1.6) lib/rails/rack/logger.rb:20:in `call'
  actionpack (4.1.6) lib/action_dispatch/middleware/request_id.rb:21:in `call'
  rack (1.5.2) lib/rack/methodoverride.rb:21:in `call'
  rack (1.5.2) lib/rack/runtime.rb:17:in `call'
  activesupport (4.1.6) lib/active_support/cache/strategy/local_cache_middleware.rb:26:in `call'
  rack (1.5.2) lib/rack/lock.rb:17:in `call'
  actionpack (4.1.6) lib/action_dispatch/middleware/static.rb:64:in `call'
  rack (1.5.2) lib/rack/sendfile.rb:112:in `call'
  railties (4.1.6) lib/rails/engine.rb:514:in `call'
  railties (4.1.6) lib/rails/application.rb:144:in `call'
  rack (1.5.2) lib/rack/lock.rb:17:in `call'
  rack (1.5.2) lib/rack/content_length.rb:14:in `call'
  rack (1.5.2) lib/rack/handler/webrick.rb:60:in `service'
  /home/rails/.rvm/rubies/ruby-2.1.3/lib/ruby/2.1.0/webrick/httpserver.rb:138:in `service'
  /home/rails/.rvm/rubies/ruby-2.1.3/lib/ruby/2.1.0/webrick/httpserver.rb:94:in `run'
  /home/rails/.rvm/rubies/ruby-2.1.3/lib/ruby/2.1.0/webrick/server.rb:295:in `block in start_thread'


  Rendered /home/rails/.rvm/gems/ruby-2.1.3@robot_app/gems/actionpack-4.1.6/lib/action_dispatch/middleware/templates/rescues/_trace.html.erb (2.5ms)
  Rendered /home/rails/.rvm/gems/ruby-2.1.3@robot_app/gems/actionpack-4.1.6/lib/action_dispatch/middleware/templates/routes/_route.html.erb (0.8ms)
  Rendered /home/rails/.rvm/gems/ruby-2.1.3@robot_app/gems/actionpack-4.1.6/lib/action_dispatch/middleware/templates/routes/_table.html.erb (1.1ms)
  Rendered /home/rails/.rvm/gems/ruby-2.1.3@robot_app/gems/actionpack-4.1.6/lib/action_dispatch/middleware/templates/rescues/routing_error.html.erb within rescues/layout (19.3ms)


Started GET "/stylesheets/bootstrap.css.map.css" for 127.0.0.1 at 2014-10-21 23:25:50 +0530

ActionController::RoutingError (No route matches [GET] "/stylesheets/bootstrap.css.map.css"):
  actionpack (4.1.6) lib/action_dispatch/middleware/debug_exceptions.rb:21:in `call'
  actionpack (4.1.6) lib/action_dispatch/middleware/show_exceptions.rb:30:in `call'
  railties (4.1.6) lib/rails/rack/logger.rb:38:in `call_app'
  railties (4.1.6) lib/rails/rack/logger.rb:20:in `block in call'
  activesupport (4.1.6) lib/active_support/tagged_logging.rb:68:in `block in tagged'
  activesupport (4.1.6) lib/active_support/tagged_logging.rb:26:in `tagged'
  activesupport (4.1.6) lib/active_support/tagged_logging.rb:68:in `tagged'
  railties (4.1.6) lib/rails/rack/logger.rb:20:in `call'
  actionpack (4.1.6) lib/action_dispatch/middleware/request_id.rb:21:in `call'
  rack (1.5.2) lib/rack/methodoverride.rb:21:in `call'
  rack (1.5.2) lib/rack/runtime.rb:17:in `call'
  activesupport (4.1.6) lib/active_support/cache/strategy/local_cache_middleware.rb:26:in `call'
  rack (1.5.2) lib/rack/lock.rb:17:in `call'
  actionpack (4.1.6) lib/action_dispatch/middleware/static.rb:64:in `call'
  rack (1.5.2) lib/rack/sendfile.rb:112:in `call'
  railties (4.1.6) lib/rails/engine.rb:514:in `call'
  railties (4.1.6) lib/rails/application.rb:144:in `call'
  rack (1.5.2) lib/rack/lock.rb:17:in `call'
  rack (1.5.2) lib/rack/content_length.rb:14:in `call'
  rack (1.5.2) lib/rack/handler/webrick.rb:60:in `service'
  /home/rails/.rvm/rubies/ruby-2.1.3/lib/ruby/2.1.0/webrick/httpserver.rb:138:in `service'
  /home/rails/.rvm/rubies/ruby-2.1.3/lib/ruby/2.1.0/webrick/httpserver.rb:94:in `run'
  /home/rails/.rvm/rubies/ruby-2.1.3/lib/ruby/2.1.0/webrick/server.rb:295:in `block in start_thread'


  Rendered /home/rails/.rvm/gems/ruby-2.1.3@robot_app/gems/actionpack-4.1.6/lib/action_dispatch/middleware/templates/rescues/_trace.html.erb (1.4ms)
  Rendered /home/rails/.rvm/gems/ruby-2.1.3@robot_app/gems/actionpack-4.1.6/lib/action_dispatch/middleware/templates/routes/_route.html.erb (1.4ms)
  Rendered /home/rails/.rvm/gems/ruby-2.1.3@robot_app/gems/actionpack-4.1.6/lib/action_dispatch/middleware/templates/routes/_table.html.erb (1.0ms)
  Rendered /home/rails/.rvm/gems/ruby-2.1.3@robot_app/gems/actionpack-4.1.6/lib/action_dispatch/middleware/templates/rescues/routing_error.html.erb within rescues/layout (17.7ms)


Started GET "/assets/bootstrap.min.css?body=1" for 127.0.0.1 at 2014-10-21 23:25:50 +0530


Started GET "/assets/style.css?body=1" for 127.0.0.1 at 2014-10-21 23:25:50 +0530


Started GET "/assets/bootstrap.css?body=1" for 127.0.0.1 at 2014-10-21 23:25:50 +0530


Started GET "/assets/application.css?body=1" for 127.0.0.1 at 2014-10-21 23:25:50 +0530


Started GET "/assets/jquery.js?body=1" for 127.0.0.1 at 2014-10-21 23:25:50 +0530


Started GET "/assets/jquery_ujs.js?body=1" for 127.0.0.1 at 2014-10-21 23:25:50 +0530


Started GET "/assets/turbolinks.js?body=1" for 127.0.0.1 at 2014-10-21 23:25:50 +0530


Started GET "/assets/bootstrap.js?body=1" for 127.0.0.1 at 2014-10-21 23:25:50 +0530


Started GET "/assets/bootstrap.min.js?body=1" for 127.0.0.1 at 2014-10-21 23:25:50 +0530


Started GET "/assets/application.js?body=1" for 127.0.0.1 at 2014-10-21 23:25:50 +0530


Started GET "/" for 127.0.0.1 at 2014-10-21 23:26:25 +0530
Processing by HomeController#index as HTML
  Rendered home/index.html.erb within layouts/application (0.4ms)
Completed 200 OK in 72ms (Views: 71.5ms | ActiveRecord: 0.0ms)


Started GET "/assets/bootstrap-theme.css?body=1" for 127.0.0.1 at 2014-10-21 23:26:26 +0530


Started GET "/assets/bootstrap.min.css?body=1" for 127.0.0.1 at 2014-10-21 23:26:26 +0530


Started GET "/stylesheets/bootstrap.css.map.css" for 127.0.0.1 at 2014-10-21 23:26:26 +0530

ActionController::RoutingError (No route matches [GET] "/stylesheets/bootstrap.css.map.css"):
  actionpack (4.1.6) lib/action_dispatch/middleware/debug_exceptions.rb:21:in `call'
  actionpack (4.1.6) lib/action_dispatch/middleware/show_exceptions.rb:30:in `call'
  railties (4.1.6) lib/rails/rack/logger.rb:38:in `call_app'
  railties (4.1.6) lib/rails/rack/logger.rb:20:in `block in call'
  activesupport (4.1.6) lib/active_support/tagged_logging.rb:68:in `block in tagged'
  activesupport (4.1.6) lib/active_support/tagged_logging.rb:26:in `tagged'
  activesupport (4.1.6) lib/active_support/tagged_logging.rb:68:in `tagged'
  railties (4.1.6) lib/rails/rack/logger.rb:20:in `call'
  actionpack (4.1.6) lib/action_dispatch/middleware/request_id.rb:21:in `call'
  rack (1.5.2) lib/rack/methodoverride.rb:21:in `call'
  rack (1.5.2) lib/rack/runtime.rb:17:in `call'
  activesupport (4.1.6) lib/active_support/cache/strategy/local_cache_middleware.rb:26:in `call'
  rack (1.5.2) lib/rack/lock.rb:17:in `call'
  actionpack (4.1.6) lib/action_dispatch/middleware/static.rb:64:in `call'
  rack (1.5.2) lib/rack/sendfile.rb:112:in `call'
  railties (4.1.6) lib/rails/engine.rb:514:in `call'
  railties (4.1.6) lib/rails/application.rb:144:in `call'
  rack (1.5.2) lib/rack/lock.rb:17:in `call'
  rack (1.5.2) lib/rack/content_length.rb:14:in `call'
  rack (1.5.2) lib/rack/handler/webrick.rb:60:in `service'
  /home/rails/.rvm/rubies/ruby-2.1.3/lib/ruby/2.1.0/webrick/httpserver.rb:138:in `service'
  /home/rails/.rvm/rubies/ruby-2.1.3/lib/ruby/2.1.0/webrick/httpserver.rb:94:in `run'
  /home/rails/.rvm/rubies/ruby-2.1.3/lib/ruby/2.1.0/webrick/server.rb:295:in `block in start_thread'


  Rendered /home/rails/.rvm/gems/ruby-2.1.3@robot_app/gems/actionpack-4.1.6/lib/action_dispatch/middleware/templates/rescues/_trace.html.erb (1.4ms)
  Rendered /home/rails/.rvm/gems/ruby-2.1.3@robot_app/gems/actionpack-4.1.6/lib/action_dispatch/middleware/templates/routes/_route.html.erb (0.8ms)
  Rendered /home/rails/.rvm/gems/ruby-2.1.3@robot_app/gems/actionpack-4.1.6/lib/action_dispatch/middleware/templates/routes/_table.html.erb (1.3ms)
  Rendered /home/rails/.rvm/gems/ruby-2.1.3@robot_app/gems/actionpack-4.1.6/lib/action_dispatch/middleware/templates/rescues/routing_error.html.erb within rescues/layout (18.4ms)


Started GET "/assets/bootstrap-theme.min.css?body=1" for 127.0.0.1 at 2014-10-21 23:26:26 +0530


Started GET "/assets/style.css?body=1" for 127.0.0.1 at 2014-10-21 23:26:26 +0530


Started GET "/stylesheets/bootstrap-theme.css.map.css" for 127.0.0.1 at 2014-10-21 23:26:26 +0530

ActionController::RoutingError (No route matches [GET] "/stylesheets/bootstrap-theme.css.map.css"):
  actionpack (4.1.6) lib/action_dispatch/middleware/debug_exceptions.rb:21:in `call'
  actionpack (4.1.6) lib/action_dispatch/middleware/show_exceptions.rb:30:in `call'
  railties (4.1.6) lib/rails/rack/logger.rb:38:in `call_app'
  railties (4.1.6) lib/rails/rack/logger.rb:20:in `block in call'
  activesupport (4.1.6) lib/active_support/tagged_logging.rb:68:in `block in tagged'
  activesupport (4.1.6) lib/active_support/tagged_logging.rb:26:in `tagged'
  activesupport (4.1.6) lib/active_support/tagged_logging.rb:68:in `tagged'
  railties (4.1.6) lib/rails/rack/logger.rb:20:in `call'
  actionpack (4.1.6) lib/action_dispatch/middleware/request_id.rb:21:in `call'
  rack (1.5.2) lib/rack/methodoverride.rb:21:in `call'
  rack (1.5.2) lib/rack/runtime.rb:17:in `call'
  activesupport (4.1.6) lib/active_support/cache/strategy/local_cache_middleware.rb:26:in `call'
  rack (1.5.2) lib/rack/lock.rb:17:in `call'
  actionpack (4.1.6) lib/action_dispatch/middleware/static.rb:64:in `call'
  rack (1.5.2) lib/rack/sendfile.rb:112:in `call'
  railties (4.1.6) lib/rails/engine.rb:514:in `call'
  railties (4.1.6) lib/rails/application.rb:144:in `call'
  rack (1.5.2) lib/rack/lock.rb:17:in `call'
  rack (1.5.2) lib/rack/content_length.rb:14:in `call'
  rack (1.5.2) lib/rack/handler/webrick.rb:60:in `service'
  /home/rails/.rvm/rubies/ruby-2.1.3/lib/ruby/2.1.0/webrick/httpserver.rb:138:in `service'
  /home/rails/.rvm/rubies/ruby-2.1.3/lib/ruby/2.1.0/webrick/httpserver.rb:94:in `run'
  /home/rails/.rvm/rubies/ruby-2.1.3/lib/ruby/2.1.0/webrick/server.rb:295:in `block in start_thread'


  Rendered /home/rails/.rvm/gems/ruby-2.1.3@robot_app/gems/actionpack-4.1.6/lib/action_dispatch/middleware/templates/rescues/_trace.html.erb (1.1ms)
  Rendered /home/rails/.rvm/gems/ruby-2.1.3@robot_app/gems/actionpack-4.1.6/lib/action_dispatch/middleware/templates/routes/_route.html.erb (1.0ms)
  Rendered /home/rails/.rvm/gems/ruby-2.1.3@robot_app/gems/actionpack-4.1.6/lib/action_dispatch/middleware/templates/routes/_table.html.erb (1.1ms)
  Rendered /home/rails/.rvm/gems/ruby-2.1.3@robot_app/gems/actionpack-4.1.6/lib/action_dispatch/middleware/templates/rescues/routing_error.html.erb within rescues/layout (16.6ms)


Started GET "/assets/bootstrap.css?body=1" for 127.0.0.1 at 2014-10-21 23:26:26 +0530


Started GET "/assets/application.css?body=1" for 127.0.0.1 at 2014-10-21 23:26:26 +0530


Started GET "/assets/jquery.js?body=1" for 127.0.0.1 at 2014-10-21 23:26:26 +0530


Started GET "/assets/jquery_ujs.js?body=1" for 127.0.0.1 at 2014-10-21 23:26:26 +0530


Started GET "/assets/turbolinks.js?body=1" for 127.0.0.1 at 2014-10-21 23:26:26 +0530


Started GET "/assets/bootstrap.js?body=1" for 127.0.0.1 at 2014-10-21 23:26:26 +0530


Started GET "/assets/bootstrap.min.js?body=1" for 127.0.0.1 at 2014-10-21 23:26:26 +0530


Started GET "/assets/application.js?body=1" for 127.0.0.1 at 2014-10-21 23:26:26 +0530


Started GET "/" for 127.0.0.1 at 2014-10-21 23:26:36 +0530
Processing by HomeController#index as HTML
  Rendered home/index.html.erb within layouts/application (0.5ms)
Completed 200 OK in 65ms (Views: 64.1ms | ActiveRecord: 0.0ms)


Started GET "/assets/bootstrap-theme.css?body=1" for 127.0.0.1 at 2014-10-21 23:26:37 +0530


Started GET "/stylesheets/bootstrap-theme.css.map.css" for 127.0.0.1 at 2014-10-21 23:26:37 +0530

ActionController::RoutingError (No route matches [GET] "/stylesheets/bootstrap-theme.css.map.css"):
  actionpack (4.1.6) lib/action_dispatch/middleware/debug_exceptions.rb:21:in `call'
  actionpack (4.1.6) lib/action_dispatch/middleware/show_exceptions.rb:30:in `call'
  railties (4.1.6) lib/rails/rack/logger.rb:38:in `call_app'
  railties (4.1.6) lib/rails/rack/logger.rb:20:in `block in call'
  activesupport (4.1.6) lib/active_support/tagged_logging.rb:68:in `block in tagged'
  activesupport (4.1.6) lib/active_support/tagged_logging.rb:26:in `tagged'
  activesupport (4.1.6) lib/active_support/tagged_logging.rb:68:in `tagged'
  railties (4.1.6) lib/rails/rack/logger.rb:20:in `call'
  actionpack (4.1.6) lib/action_dispatch/middleware/request_id.rb:21:in `call'
  rack (1.5.2) lib/rack/methodoverride.rb:21:in `call'
  rack (1.5.2) lib/rack/runtime.rb:17:in `call'
  activesupport (4.1.6) lib/active_support/cache/strategy/local_cache_middleware.rb:26:in `call'
  rack (1.5.2) lib/rack/lock.rb:17:in `call'
  actionpack (4.1.6) lib/action_dispatch/middleware/static.rb:64:in `call'
  rack (1.5.2) lib/rack/sendfile.rb:112:in `call'
  railties (4.1.6) lib/rails/engine.rb:514:in `call'
  railties (4.1.6) lib/rails/application.rb:144:in `call'
  rack (1.5.2) lib/rack/lock.rb:17:in `call'
  rack (1.5.2) lib/rack/content_length.rb:14:in `call'
  rack (1.5.2) lib/rack/handler/webrick.rb:60:in `service'
  /home/rails/.rvm/rubies/ruby-2.1.3/lib/ruby/2.1.0/webrick/httpserver.rb:138:in `service'
  /home/rails/.rvm/rubies/ruby-2.1.3/lib/ruby/2.1.0/webrick/httpserver.rb:94:in `run'
  /home/rails/.rvm/rubies/ruby-2.1.3/lib/ruby/2.1.0/webrick/server.rb:295:in `block in start_thread'


  Rendered /home/rails/.rvm/gems/ruby-2.1.3@robot_app/gems/actionpack-4.1.6/lib/action_dispatch/middleware/templates/rescues/_trace.html.erb (1.5ms)
  Rendered /home/rails/.rvm/gems/ruby-2.1.3@robot_app/gems/actionpack-4.1.6/lib/action_dispatch/middleware/templates/routes/_route.html.erb (1.0ms)
  Rendered /home/rails/.rvm/gems/ruby-2.1.3@robot_app/gems/actionpack-4.1.6/lib/action_dispatch/middleware/templates/routes/_table.html.erb (1.1ms)
  Rendered /home/rails/.rvm/gems/ruby-2.1.3@robot_app/gems/actionpack-4.1.6/lib/action_dispatch/middleware/templates/rescues/routing_error.html.erb within rescues/layout (17.9ms)


Started GET "/assets/bootstrap.css?body=1" for 127.0.0.1 at 2014-10-21 23:26:37 +0530


Started GET "/assets/bootstrap.min.css?body=1" for 127.0.0.1 at 2014-10-21 23:26:37 +0530


Started GET "/stylesheets/bootstrap.css.map.css" for 127.0.0.1 at 2014-10-21 23:26:37 +0530

ActionController::RoutingError (No route matches [GET] "/stylesheets/bootstrap.css.map.css"):
  actionpack (4.1.6) lib/action_dispatch/middleware/debug_exceptions.rb:21:in `call'
  actionpack (4.1.6) lib/action_dispatch/middleware/show_exceptions.rb:30:in `call'
  railties (4.1.6) lib/rails/rack/logger.rb:38:in `call_app'
  railties (4.1.6) lib/rails/rack/logger.rb:20:in `block in call'
  activesupport (4.1.6) lib/active_support/tagged_logging.rb:68:in `block in tagged'
  activesupport (4.1.6) lib/active_support/tagged_logging.rb:26:in `tagged'
  activesupport (4.1.6) lib/active_support/tagged_logging.rb:68:in `tagged'
  railties (4.1.6) lib/rails/rack/logger.rb:20:in `call'
  actionpack (4.1.6) lib/action_dispatch/middleware/request_id.rb:21:in `call'
  rack (1.5.2) lib/rack/methodoverride.rb:21:in `call'
  rack (1.5.2) lib/rack/runtime.rb:17:in `call'
  activesupport (4.1.6) lib/active_support/cache/strategy/local_cache_middleware.rb:26:in `call'
  rack (1.5.2) lib/rack/lock.rb:17:in `call'
  actionpack (4.1.6) lib/action_dispatch/middleware/static.rb:64:in `call'
  rack (1.5.2) lib/rack/sendfile.rb:112:in `call'
  railties (4.1.6) lib/rails/engine.rb:514:in `call'
  railties (4.1.6) lib/rails/application.rb:144:in `call'
  rack (1.5.2) lib/rack/lock.rb:17:in `call'
  rack (1.5.2) lib/rack/content_length.rb:14:in `call'
  rack (1.5.2) lib/rack/handler/webrick.rb:60:in `service'
  /home/rails/.rvm/rubies/ruby-2.1.3/lib/ruby/2.1.0/webrick/httpserver.rb:138:in `service'
  /home/rails/.rvm/rubies/ruby-2.1.3/lib/ruby/2.1.0/webrick/httpserver.rb:94:in `run'
  /home/rails/.rvm/rubies/ruby-2.1.3/lib/ruby/2.1.0/webrick/server.rb:295:in `block in start_thread'


  Rendered /home/rails/.rvm/gems/ruby-2.1.3@robot_app/gems/actionpack-4.1.6/lib/action_dispatch/middleware/templates/rescues/_trace.html.erb (2.0ms)
  Rendered /home/rails/.rvm/gems/ruby-2.1.3@robot_app/gems/actionpack-4.1.6/lib/action_dispatch/middleware/templates/routes/_route.html.erb (0.8ms)
  Rendered /home/rails/.rvm/gems/ruby-2.1.3@robot_app/gems/actionpack-4.1.6/lib/action_dispatch/middleware/templates/routes/_table.html.erb (1.8ms)
  Rendered /home/rails/.rvm/gems/ruby-2.1.3@robot_app/gems/actionpack-4.1.6/lib/action_dispatch/middleware/templates/rescues/routing_error.html.erb within rescues/layout (18.2ms)


Started GET "/assets/bootstrap-theme.min.css?body=1" for 127.0.0.1 at 2014-10-21 23:26:37 +0530


Started GET "/assets/style.css?body=1" for 127.0.0.1 at 2014-10-21 23:26:37 +0530


Started GET "/assets/application.css?body=1" for 127.0.0.1 at 2014-10-21 23:26:37 +0530


Started GET "/assets/jquery.js?body=1" for 127.0.0.1 at 2014-10-21 23:26:37 +0530


Started GET "/assets/jquery_ujs.js?body=1" for 127.0.0.1 at 2014-10-21 23:26:37 +0530


Started GET "/assets/turbolinks.js?body=1" for 127.0.0.1 at 2014-10-21 23:26:37 +0530


Started GET "/assets/bootstrap.js?body=1" for 127.0.0.1 at 2014-10-21 23:26:37 +0530


Started GET "/assets/bootstrap.min.js?body=1" for 127.0.0.1 at 2014-10-21 23:26:37 +0530


Started GET "/assets/application.js?body=1" for 127.0.0.1 at 2014-10-21 23:26:37 +0530


Started GET "/" for 127.0.0.1 at 2014-10-21 23:26:43 +0530
Processing by HomeController#index as HTML
  Rendered home/index.html.erb within layouts/application (0.4ms)
Completed 200 OK in 83ms (Views: 82.6ms | ActiveRecord: 0.0ms)


Started GET "/assets/bootstrap-theme.css?body=1" for 127.0.0.1 at 2014-10-21 23:26:43 +0530


Started GET "/assets/bootstrap-theme.min.css?body=1" for 127.0.0.1 at 2014-10-21 23:26:43 +0530


Started GET "/assets/bootstrap.css?body=1" for 127.0.0.1 at 2014-10-21 23:26:43 +0530


Started GET "/stylesheets/bootstrap.css.map.css" for 127.0.0.1 at 2014-10-21 23:26:43 +0530

ActionController::RoutingError (No route matches [GET] "/stylesheets/bootstrap.css.map.css"):
  actionpack (4.1.6) lib/action_dispatch/middleware/debug_exceptions.rb:21:in `call'
  actionpack (4.1.6) lib/action_dispatch/middleware/show_exceptions.rb:30:in `call'
  railties (4.1.6) lib/rails/rack/logger.rb:38:in `call_app'
  railties (4.1.6) lib/rails/rack/logger.rb:20:in `block in call'
  activesupport (4.1.6) lib/active_support/tagged_logging.rb:68:in `block in tagged'
  activesupport (4.1.6) lib/active_support/tagged_logging.rb:26:in `tagged'
  activesupport (4.1.6) lib/active_support/tagged_logging.rb:68:in `tagged'
  railties (4.1.6) lib/rails/rack/logger.rb:20:in `call'
  actionpack (4.1.6) lib/action_dispatch/middleware/request_id.rb:21:in `call'
  rack (1.5.2) lib/rack/methodoverride.rb:21:in `call'
  rack (1.5.2) lib/rack/runtime.rb:17:in `call'
  activesupport (4.1.6) lib/active_support/cache/strategy/local_cache_middleware.rb:26:in `call'
  rack (1.5.2) lib/rack/lock.rb:17:in `call'
  actionpack (4.1.6) lib/action_dispatch/middleware/static.rb:64:in `call'
  rack (1.5.2) lib/rack/sendfile.rb:112:in `call'
  railties (4.1.6) lib/rails/engine.rb:514:in `call'
  railties (4.1.6) lib/rails/application.rb:144:in `call'
  rack (1.5.2) lib/rack/lock.rb:17:in `call'
  rack (1.5.2) lib/rack/content_length.rb:14:in `call'
  rack (1.5.2) lib/rack/handler/webrick.rb:60:in `service'
  /home/rails/.rvm/rubies/ruby-2.1.3/lib/ruby/2.1.0/webrick/httpserver.rb:138:in `service'
  /home/rails/.rvm/rubies/ruby-2.1.3/lib/ruby/2.1.0/webrick/httpserver.rb:94:in `run'
  /home/rails/.rvm/rubies/ruby-2.1.3/lib/ruby/2.1.0/webrick/server.rb:295:in `block in start_thread'


  Rendered /home/rails/.rvm/gems/ruby-2.1.3@robot_app/gems/actionpack-4.1.6/lib/action_dispatch/middleware/templates/rescues/_trace.html.erb (1.3ms)
  Rendered /home/rails/.rvm/gems/ruby-2.1.3@robot_app/gems/actionpack-4.1.6/lib/action_dispatch/middleware/templates/routes/_route.html.erb (0.9ms)
  Rendered /home/rails/.rvm/gems/ruby-2.1.3@robot_app/gems/actionpack-4.1.6/lib/action_dispatch/middleware/templates/routes/_table.html.erb (1.2ms)
  Rendered /home/rails/.rvm/gems/ruby-2.1.3@robot_app/gems/actionpack-4.1.6/lib/action_dispatch/middleware/templates/rescues/routing_error.html.erb within rescues/layout (17.9ms)


Started GET "/stylesheets/bootstrap-theme.css.map.css" for 127.0.0.1 at 2014-10-21 23:26:43 +0530

ActionController::RoutingError (No route matches [GET] "/stylesheets/bootstrap-theme.css.map.css"):
  actionpack (4.1.6) lib/action_dispatch/middleware/debug_exceptions.rb:21:in `call'
  actionpack (4.1.6) lib/action_dispatch/middleware/show_exceptions.rb:30:in `call'
  railties (4.1.6) lib/rails/rack/logger.rb:38:in `call_app'
  railties (4.1.6) lib/rails/rack/logger.rb:20:in `block in call'
  activesupport (4.1.6) lib/active_support/tagged_logging.rb:68:in `block in tagged'
  activesupport (4.1.6) lib/active_support/tagged_logging.rb:26:in `tagged'
  activesupport (4.1.6) lib/active_support/tagged_logging.rb:68:in `tagged'
  railties (4.1.6) lib/rails/rack/logger.rb:20:in `call'
  actionpack (4.1.6) lib/action_dispatch/middleware/request_id.rb:21:in `call'
  rack (1.5.2) lib/rack/methodoverride.rb:21:in `call'
  rack (1.5.2) lib/rack/runtime.rb:17:in `call'
  activesupport (4.1.6) lib/active_support/cache/strategy/local_cache_middleware.rb:26:in `call'
  rack (1.5.2) lib/rack/lock.rb:17:in `call'
  actionpack (4.1.6) lib/action_dispatch/middleware/static.rb:64:in `call'
  rack (1.5.2) lib/rack/sendfile.rb:112:in `call'
  railties (4.1.6) lib/rails/engine.rb:514:in `call'
  railties (4.1.6) lib/rails/application.rb:144:in `call'
  rack (1.5.2) lib/rack/lock.rb:17:in `call'
  rack (1.5.2) lib/rack/content_length.rb:14:in `call'
  rack (1.5.2) lib/rack/handler/webrick.rb:60:in `service'
  /home/rails/.rvm/rubies/ruby-2.1.3/lib/ruby/2.1.0/webrick/httpserver.rb:138:in `service'
  /home/rails/.rvm/rubies/ruby-2.1.3/lib/ruby/2.1.0/webrick/httpserver.rb:94:in `run'
  /home/rails/.rvm/rubies/ruby-2.1.3/lib/ruby/2.1.0/webrick/server.rb:295:in `block in start_thread'


  Rendered /home/rails/.rvm/gems/ruby-2.1.3@robot_app/gems/actionpack-4.1.6/lib/action_dispatch/middleware/templates/rescues/_trace.html.erb (1.5ms)
  Rendered /home/rails/.rvm/gems/ruby-2.1.3@robot_app/gems/actionpack-4.1.6/lib/action_dispatch/middleware/templates/routes/_route.html.erb (1.1ms)
  Rendered /home/rails/.rvm/gems/ruby-2.1.3@robot_app/gems/actionpack-4.1.6/lib/action_dispatch/middleware/templates/routes/_table.html.erb (1.6ms)
  Rendered /home/rails/.rvm/gems/ruby-2.1.3@robot_app/gems/actionpack-4.1.6/lib/action_dispatch/middleware/templates/rescues/routing_error.html.erb within rescues/layout (17.3ms)


Started GET "/assets/bootstrap.min.css?body=1" for 127.0.0.1 at 2014-10-21 23:26:43 +0530


Started GET "/assets/style.css?body=1" for 127.0.0.1 at 2014-10-21 23:26:43 +0530


Started GET "/assets/application.css?body=1" for 127.0.0.1 at 2014-10-21 23:26:43 +0530


Started GET "/assets/jquery.js?body=1" for 127.0.0.1 at 2014-10-21 23:26:43 +0530


Started GET "/assets/jquery_ujs.js?body=1" for 127.0.0.1 at 2014-10-21 23:26:43 +0530


Started GET "/assets/turbolinks.js?body=1" for 127.0.0.1 at 2014-10-21 23:26:43 +0530


Started GET "/assets/bootstrap.js?body=1" for 127.0.0.1 at 2014-10-21 23:26:43 +0530


Started GET "/assets/bootstrap.min.js?body=1" for 127.0.0.1 at 2014-10-21 23:26:43 +0530


Started GET "/assets/application.js?body=1" for 127.0.0.1 at 2014-10-21 23:26:43 +0530


Started GET "/" for 127.0.0.1 at 2014-10-21 23:27:34 +0530
Processing by HomeController#index as HTML
  Rendered home/index.html.erb within layouts/application (0.5ms)
Completed 200 OK in 68ms (Views: 67.4ms | ActiveRecord: 0.0ms)


Started GET "/assets/bootstrap-theme.css?body=1" for 127.0.0.1 at 2014-10-21 23:27:35 +0530


Started GET "/assets/bootstrap-theme.min.css?body=1" for 127.0.0.1 at 2014-10-21 23:27:35 +0530


Started GET "/assets/bootstrap.css?body=1" for 127.0.0.1 at 2014-10-21 23:27:35 +0530


Started GET "/stylesheets/bootstrap-theme.css.map.css" for 127.0.0.1 at 2014-10-21 23:27:35 +0530

ActionController::RoutingError (No route matches [GET] "/stylesheets/bootstrap-theme.css.map.css"):
  actionpack (4.1.6) lib/action_dispatch/middleware/debug_exceptions.rb:21:in `call'
  actionpack (4.1.6) lib/action_dispatch/middleware/show_exceptions.rb:30:in `call'
  railties (4.1.6) lib/rails/rack/logger.rb:38:in `call_app'
  railties (4.1.6) lib/rails/rack/logger.rb:20:in `block in call'
  activesupport (4.1.6) lib/active_support/tagged_logging.rb:68:in `block in tagged'
  activesupport (4.1.6) lib/active_support/tagged_logging.rb:26:in `tagged'
  activesupport (4.1.6) lib/active_support/tagged_logging.rb:68:in `tagged'
  railties (4.1.6) lib/rails/rack/logger.rb:20:in `call'
  actionpack (4.1.6) lib/action_dispatch/middleware/request_id.rb:21:in `call'
  rack (1.5.2) lib/rack/methodoverride.rb:21:in `call'
  rack (1.5.2) lib/rack/runtime.rb:17:in `call'
  activesupport (4.1.6) lib/active_support/cache/strategy/local_cache_middleware.rb:26:in `call'
  rack (1.5.2) lib/rack/lock.rb:17:in `call'
  actionpack (4.1.6) lib/action_dispatch/middleware/static.rb:64:in `call'
  rack (1.5.2) lib/rack/sendfile.rb:112:in `call'
  railties (4.1.6) lib/rails/engine.rb:514:in `call'
  railties (4.1.6) lib/rails/application.rb:144:in `call'
  rack (1.5.2) lib/rack/lock.rb:17:in `call'
  rack (1.5.2) lib/rack/content_length.rb:14:in `call'
  rack (1.5.2) lib/rack/handler/webrick.rb:60:in `service'
  /home/rails/.rvm/rubies/ruby-2.1.3/lib/ruby/2.1.0/webrick/httpserver.rb:138:in `service'
  /home/rails/.rvm/rubies/ruby-2.1.3/lib/ruby/2.1.0/webrick/httpserver.rb:94:in `run'
  /home/rails/.rvm/rubies/ruby-2.1.3/lib/ruby/2.1.0/webrick/server.rb:295:in `block in start_thread'


  Rendered /home/rails/.rvm/gems/ruby-2.1.3@robot_app/gems/actionpack-4.1.6/lib/action_dispatch/middleware/templates/rescues/_trace.html.erb (1.2ms)
  Rendered /home/rails/.rvm/gems/ruby-2.1.3@robot_app/gems/actionpack-4.1.6/lib/action_dispatch/middleware/templates/routes/_route.html.erb (0.9ms)
  Rendered /home/rails/.rvm/gems/ruby-2.1.3@robot_app/gems/actionpack-4.1.6/lib/action_dispatch/middleware/templates/routes/_table.html.erb (1.2ms)
  Rendered /home/rails/.rvm/gems/ruby-2.1.3@robot_app/gems/actionpack-4.1.6/lib/action_dispatch/middleware/templates/rescues/routing_error.html.erb within rescues/layout (17.7ms)


Started GET "/assets/style.css?body=1" for 127.0.0.1 at 2014-10-21 23:27:35 +0530


Started GET "/stylesheets/bootstrap.css.map.css" for 127.0.0.1 at 2014-10-21 23:27:35 +0530

ActionController::RoutingError (No route matches [GET] "/stylesheets/bootstrap.css.map.css"):
  actionpack (4.1.6) lib/action_dispatch/middleware/debug_exceptions.rb:21:in `call'
  actionpack (4.1.6) lib/action_dispatch/middleware/show_exceptions.rb:30:in `call'
  railties (4.1.6) lib/rails/rack/logger.rb:38:in `call_app'
  railties (4.1.6) lib/rails/rack/logger.rb:20:in `block in call'
  activesupport (4.1.6) lib/active_support/tagged_logging.rb:68:in `block in tagged'
  activesupport (4.1.6) lib/active_support/tagged_logging.rb:26:in `tagged'
  activesupport (4.1.6) lib/active_support/tagged_logging.rb:68:in `tagged'
  railties (4.1.6) lib/rails/rack/logger.rb:20:in `call'
  actionpack (4.1.6) lib/action_dispatch/middleware/request_id.rb:21:in `call'
  rack (1.5.2) lib/rack/methodoverride.rb:21:in `call'
  rack (1.5.2) lib/rack/runtime.rb:17:in `call'
  activesupport (4.1.6) lib/active_support/cache/strategy/local_cache_middleware.rb:26:in `call'
  rack (1.5.2) lib/rack/lock.rb:17:in `call'
  actionpack (4.1.6) lib/action_dispatch/middleware/static.rb:64:in `call'
  rack (1.5.2) lib/rack/sendfile.rb:112:in `call'
  railties (4.1.6) lib/rails/engine.rb:514:in `call'
  railties (4.1.6) lib/rails/application.rb:144:in `call'
  rack (1.5.2) lib/rack/lock.rb:17:in `call'
  rack (1.5.2) lib/rack/content_length.rb:14:in `call'
  rack (1.5.2) lib/rack/handler/webrick.rb:60:in `service'
  /home/rails/.rvm/rubies/ruby-2.1.3/lib/ruby/2.1.0/webrick/httpserver.rb:138:in `service'
  /home/rails/.rvm/rubies/ruby-2.1.3/lib/ruby/2.1.0/webrick/httpserver.rb:94:in `run'
  /home/rails/.rvm/rubies/ruby-2.1.3/lib/ruby/2.1.0/webrick/server.rb:295:in `block in start_thread'


  Rendered /home/rails/.rvm/gems/ruby-2.1.3@robot_app/gems/actionpack-4.1.6/lib/action_dispatch/middleware/templates/rescues/_trace.html.erb (1.2ms)
  Rendered /home/rails/.rvm/gems/ruby-2.1.3@robot_app/gems/actionpack-4.1.6/lib/action_dispatch/middleware/templates/routes/_route.html.erb (0.8ms)
  Rendered /home/rails/.rvm/gems/ruby-2.1.3@robot_app/gems/actionpack-4.1.6/lib/action_dispatch/middleware/templates/routes/_table.html.erb (1.3ms)
  Rendered /home/rails/.rvm/gems/ruby-2.1.3@robot_app/gems/actionpack-4.1.6/lib/action_dispatch/middleware/templates/rescues/routing_error.html.erb within rescues/layout (15.7ms)


Started GET "/assets/bootstrap.min.css?body=1" for 127.0.0.1 at 2014-10-21 23:27:35 +0530


Started GET "/assets/application.css?body=1" for 127.0.0.1 at 2014-10-21 23:27:35 +0530


Started GET "/assets/jquery.js?body=1" for 127.0.0.1 at 2014-10-21 23:27:35 +0530


Started GET "/assets/jquery_ujs.js?body=1" for 127.0.0.1 at 2014-10-21 23:27:35 +0530


Started GET "/assets/turbolinks.js?body=1" for 127.0.0.1 at 2014-10-21 23:27:35 +0530


Started GET "/assets/bootstrap.js?body=1" for 127.0.0.1 at 2014-10-21 23:27:35 +0530


Started GET "/assets/application.js?body=1" for 127.0.0.1 at 2014-10-21 23:27:35 +0530


Started GET "/assets/bootstrap.min.js?body=1" for 127.0.0.1 at 2014-10-21 23:27:35 +0530


Started GET "/" for 127.0.0.1 at 2014-10-21 23:29:09 +0530
Processing by HomeController#index as HTML
  Rendered home/index.html.erb within layouts/application (0.4ms)
Completed 200 OK in 74ms (Views: 74.0ms | ActiveRecord: 0.0ms)


Started GET "/assets/bootstrap-theme.css?body=1" for 127.0.0.1 at 2014-10-21 23:29:09 +0530


Started GET "/stylesheets/bootstrap-theme.css.map.css" for 127.0.0.1 at 2014-10-21 23:29:09 +0530

ActionController::RoutingError (No route matches [GET] "/stylesheets/bootstrap-theme.css.map.css"):
  actionpack (4.1.6) lib/action_dispatch/middleware/debug_exceptions.rb:21:in `call'
  actionpack (4.1.6) lib/action_dispatch/middleware/show_exceptions.rb:30:in `call'
  railties (4.1.6) lib/rails/rack/logger.rb:38:in `call_app'
  railties (4.1.6) lib/rails/rack/logger.rb:20:in `block in call'
  activesupport (4.1.6) lib/active_support/tagged_logging.rb:68:in `block in tagged'
  activesupport (4.1.6) lib/active_support/tagged_logging.rb:26:in `tagged'
  activesupport (4.1.6) lib/active_support/tagged_logging.rb:68:in `tagged'
  railties (4.1.6) lib/rails/rack/logger.rb:20:in `call'
  actionpack (4.1.6) lib/action_dispatch/middleware/request_id.rb:21:in `call'
  rack (1.5.2) lib/rack/methodoverride.rb:21:in `call'
  rack (1.5.2) lib/rack/runtime.rb:17:in `call'
  activesupport (4.1.6) lib/active_support/cache/strategy/local_cache_middleware.rb:26:in `call'
  rack (1.5.2) lib/rack/lock.rb:17:in `call'
  actionpack (4.1.6) lib/action_dispatch/middleware/static.rb:64:in `call'
  rack (1.5.2) lib/rack/sendfile.rb:112:in `call'
  railties (4.1.6) lib/rails/engine.rb:514:in `call'
  railties (4.1.6) lib/rails/application.rb:144:in `call'
  rack (1.5.2) lib/rack/lock.rb:17:in `call'
  rack (1.5.2) lib/rack/content_length.rb:14:in `call'
  rack (1.5.2) lib/rack/handler/webrick.rb:60:in `service'
  /home/rails/.rvm/rubies/ruby-2.1.3/lib/ruby/2.1.0/webrick/httpserver.rb:138:in `service'
  /home/rails/.rvm/rubies/ruby-2.1.3/lib/ruby/2.1.0/webrick/httpserver.rb:94:in `run'
  /home/rails/.rvm/rubies/ruby-2.1.3/lib/ruby/2.1.0/webrick/server.rb:295:in `block in start_thread'


  Rendered /home/rails/.rvm/gems/ruby-2.1.3@robot_app/gems/actionpack-4.1.6/lib/action_dispatch/middleware/templates/rescues/_trace.html.erb (2.0ms)
  Rendered /home/rails/.rvm/gems/ruby-2.1.3@robot_app/gems/actionpack-4.1.6/lib/action_dispatch/middleware/templates/routes/_route.html.erb (0.8ms)
  Rendered /home/rails/.rvm/gems/ruby-2.1.3@robot_app/gems/actionpack-4.1.6/lib/action_dispatch/middleware/templates/routes/_table.html.erb (1.0ms)
  Rendered /home/rails/.rvm/gems/ruby-2.1.3@robot_app/gems/actionpack-4.1.6/lib/action_dispatch/middleware/templates/rescues/routing_error.html.erb within rescues/layout (18.4ms)


Started GET "/assets/bootstrap.min.css?body=1" for 127.0.0.1 at 2014-10-21 23:29:09 +0530


Started GET "/assets/style.css?body=1" for 127.0.0.1 at 2014-10-21 23:29:09 +0530


Started GET "/assets/bootstrap.css?body=1" for 127.0.0.1 at 2014-10-21 23:29:09 +0530


Started GET "/assets/bootstrap-theme.min.css?body=1" for 127.0.0.1 at 2014-10-21 23:29:09 +0530


Started GET "/stylesheets/bootstrap.css.map.css" for 127.0.0.1 at 2014-10-21 23:29:09 +0530

ActionController::RoutingError (No route matches [GET] "/stylesheets/bootstrap.css.map.css"):
  actionpack (4.1.6) lib/action_dispatch/middleware/debug_exceptions.rb:21:in `call'
  actionpack (4.1.6) lib/action_dispatch/middleware/show_exceptions.rb:30:in `call'
  railties (4.1.6) lib/rails/rack/logger.rb:38:in `call_app'
  railties (4.1.6) lib/rails/rack/logger.rb:20:in `block in call'
  activesupport (4.1.6) lib/active_support/tagged_logging.rb:68:in `block in tagged'
  activesupport (4.1.6) lib/active_support/tagged_logging.rb:26:in `tagged'
  activesupport (4.1.6) lib/active_support/tagged_logging.rb:68:in `tagged'
  railties (4.1.6) lib/rails/rack/logger.rb:20:in `call'
  actionpack (4.1.6) lib/action_dispatch/middleware/request_id.rb:21:in `call'
  rack (1.5.2) lib/rack/methodoverride.rb:21:in `call'
  rack (1.5.2) lib/rack/runtime.rb:17:in `call'
  activesupport (4.1.6) lib/active_support/cache/strategy/local_cache_middleware.rb:26:in `call'
  rack (1.5.2) lib/rack/lock.rb:17:in `call'
  actionpack (4.1.6) lib/action_dispatch/middleware/static.rb:64:in `call'
  rack (1.5.2) lib/rack/sendfile.rb:112:in `call'
  railties (4.1.6) lib/rails/engine.rb:514:in `call'
  railties (4.1.6) lib/rails/application.rb:144:in `call'
  rack (1.5.2) lib/rack/lock.rb:17:in `call'
  rack (1.5.2) lib/rack/content_length.rb:14:in `call'
  rack (1.5.2) lib/rack/handler/webrick.rb:60:in `service'
  /home/rails/.rvm/rubies/ruby-2.1.3/lib/ruby/2.1.0/webrick/httpserver.rb:138:in `service'
  /home/rails/.rvm/rubies/ruby-2.1.3/lib/ruby/2.1.0/webrick/httpserver.rb:94:in `run'
  /home/rails/.rvm/rubies/ruby-2.1.3/lib/ruby/2.1.0/webrick/server.rb:295:in `block in start_thread'


  Rendered /home/rails/.rvm/gems/ruby-2.1.3@robot_app/gems/actionpack-4.1.6/lib/action_dispatch/middleware/templates/rescues/_trace.html.erb (1.1ms)
  Rendered /home/rails/.rvm/gems/ruby-2.1.3@robot_app/gems/actionpack-4.1.6/lib/action_dispatch/middleware/templates/routes/_route.html.erb (0.9ms)
  Rendered /home/rails/.rvm/gems/ruby-2.1.3@robot_app/gems/actionpack-4.1.6/lib/action_dispatch/middleware/templates/routes/_table.html.erb (1.1ms)
  Rendered /home/rails/.rvm/gems/ruby-2.1.3@robot_app/gems/actionpack-4.1.6/lib/action_dispatch/middleware/templates/rescues/routing_error.html.erb within rescues/layout (16.1ms)


Started GET "/assets/application.css?body=1" for 127.0.0.1 at 2014-10-21 23:29:09 +0530


Started GET "/assets/jquery.js?body=1" for 127.0.0.1 at 2014-10-21 23:29:09 +0530


Started GET "/assets/jquery_ujs.js?body=1" for 127.0.0.1 at 2014-10-21 23:29:09 +0530


Started GET "/assets/turbolinks.js?body=1" for 127.0.0.1 at 2014-10-21 23:29:09 +0530


Started GET "/assets/bootstrap.js?body=1" for 127.0.0.1 at 2014-10-21 23:29:09 +0530


Started GET "/assets/bootstrap.min.js?body=1" for 127.0.0.1 at 2014-10-21 23:29:09 +0530


Started GET "/assets/application.js?body=1" for 127.0.0.1 at 2014-10-21 23:29:09 +0530


Started GET "/?x_axis=&y_axis=" for 127.0.0.1 at 2014-10-21 23:29:12 +0530
Processing by HomeController#index as HTML
  Parameters: {"x_axis"=>"", "y_axis"=>""}
  Rendered home/index.html.erb within layouts/application (0.1ms)
Completed 200 OK in 65ms (Views: 65.0ms | ActiveRecord: 0.0ms)


Started GET "/assets/bootstrap-theme.css?body=1" for 127.0.0.1 at 2014-10-21 23:29:12 +0530


Started GET "/stylesheets/bootstrap-theme.css.map.css" for 127.0.0.1 at 2014-10-21 23:29:12 +0530

ActionController::RoutingError (No route matches [GET] "/stylesheets/bootstrap-theme.css.map.css"):
  actionpack (4.1.6) lib/action_dispatch/middleware/debug_exceptions.rb:21:in `call'
  actionpack (4.1.6) lib/action_dispatch/middleware/show_exceptions.rb:30:in `call'
  railties (4.1.6) lib/rails/rack/logger.rb:38:in `call_app'
  railties (4.1.6) lib/rails/rack/logger.rb:20:in `block in call'
  activesupport (4.1.6) lib/active_support/tagged_logging.rb:68:in `block in tagged'
  activesupport (4.1.6) lib/active_support/tagged_logging.rb:26:in `tagged'
  activesupport (4.1.6) lib/active_support/tagged_logging.rb:68:in `tagged'
  railties (4.1.6) lib/rails/rack/logger.rb:20:in `call'
  actionpack (4.1.6) lib/action_dispatch/middleware/request_id.rb:21:in `call'
  rack (1.5.2) lib/rack/methodoverride.rb:21:in `call'
  rack (1.5.2) lib/rack/runtime.rb:17:in `call'
  activesupport (4.1.6) lib/active_support/cache/strategy/local_cache_middleware.rb:26:in `call'
  rack (1.5.2) lib/rack/lock.rb:17:in `call'
  actionpack (4.1.6) lib/action_dispatch/middleware/static.rb:64:in `call'
  rack (1.5.2) lib/rack/sendfile.rb:112:in `call'
  railties (4.1.6) lib/rails/engine.rb:514:in `call'
  railties (4.1.6) lib/rails/application.rb:144:in `call'
  rack (1.5.2) lib/rack/lock.rb:17:in `call'
  rack (1.5.2) lib/rack/content_length.rb:14:in `call'
  rack (1.5.2) lib/rack/handler/webrick.rb:60:in `service'
  /home/rails/.rvm/rubies/ruby-2.1.3/lib/ruby/2.1.0/webrick/httpserver.rb:138:in `service'
  /home/rails/.rvm/rubies/ruby-2.1.3/lib/ruby/2.1.0/webrick/httpserver.rb:94:in `run'
  /home/rails/.rvm/rubies/ruby-2.1.3/lib/ruby/2.1.0/webrick/server.rb:295:in `block in start_thread'


  Rendered /home/rails/.rvm/gems/ruby-2.1.3@robot_app/gems/actionpack-4.1.6/lib/action_dispatch/middleware/templates/rescues/_trace.html.erb (1.2ms)
  Rendered /home/rails/.rvm/gems/ruby-2.1.3@robot_app/gems/actionpack-4.1.6/lib/action_dispatch/middleware/templates/routes/_route.html.erb (1.1ms)
  Rendered /home/rails/.rvm/gems/ruby-2.1.3@robot_app/gems/actionpack-4.1.6/lib/action_dispatch/middleware/templates/routes/_table.html.erb (1.1ms)
  Rendered /home/rails/.rvm/gems/ruby-2.1.3@robot_app/gems/actionpack-4.1.6/lib/action_dispatch/middleware/templates/rescues/routing_error.html.erb within rescues/layout (17.7ms)


Started GET "/assets/bootstrap.min.css?body=1" for 127.0.0.1 at 2014-10-21 23:29:12 +0530


Started GET "/assets/bootstrap.css?body=1" for 127.0.0.1 at 2014-10-21 23:29:12 +0530


Started GET "/assets/bootstrap-theme.min.css?body=1" for 127.0.0.1 at 2014-10-21 23:29:12 +0530


Started GET "/stylesheets/bootstrap.css.map.css" for 127.0.0.1 at 2014-10-21 23:29:12 +0530

ActionController::RoutingError (No route matches [GET] "/stylesheets/bootstrap.css.map.css"):
  actionpack (4.1.6) lib/action_dispatch/middleware/debug_exceptions.rb:21:in `call'
  actionpack (4.1.6) lib/action_dispatch/middleware/show_exceptions.rb:30:in `call'
  railties (4.1.6) lib/rails/rack/logger.rb:38:in `call_app'
  railties (4.1.6) lib/rails/rack/logger.rb:20:in `block in call'
  activesupport (4.1.6) lib/active_support/tagged_logging.rb:68:in `block in tagged'
  activesupport (4.1.6) lib/active_support/tagged_logging.rb:26:in `tagged'
  activesupport (4.1.6) lib/active_support/tagged_logging.rb:68:in `tagged'
  railties (4.1.6) lib/rails/rack/logger.rb:20:in `call'
  actionpack (4.1.6) lib/action_dispatch/middleware/request_id.rb:21:in `call'
  rack (1.5.2) lib/rack/methodoverride.rb:21:in `call'
  rack (1.5.2) lib/rack/runtime.rb:17:in `call'
  activesupport (4.1.6) lib/active_support/cache/strategy/local_cache_middleware.rb:26:in `call'
  rack (1.5.2) lib/rack/lock.rb:17:in `call'
  actionpack (4.1.6) lib/action_dispatch/middleware/static.rb:64:in `call'
  rack (1.5.2) lib/rack/sendfile.rb:112:in `call'
  railties (4.1.6) lib/rails/engine.rb:514:in `call'
  railties (4.1.6) lib/rails/application.rb:144:in `call'
  rack (1.5.2) lib/rack/lock.rb:17:in `call'
  rack (1.5.2) lib/rack/content_length.rb:14:in `call'
  rack (1.5.2) lib/rack/handler/webrick.rb:60:in `service'
  /home/rails/.rvm/rubies/ruby-2.1.3/lib/ruby/2.1.0/webrick/httpserver.rb:138:in `service'
  /home/rails/.rvm/rubies/ruby-2.1.3/lib/ruby/2.1.0/webrick/httpserver.rb:94:in `run'
  /home/rails/.rvm/rubies/ruby-2.1.3/lib/ruby/2.1.0/webrick/server.rb:295:in `block in start_thread'


  Rendered /home/rails/.rvm/gems/ruby-2.1.3@robot_app/gems/actionpack-4.1.6/lib/action_dispatch/middleware/templates/rescues/_trace.html.erb (1.9ms)
  Rendered /home/rails/.rvm/gems/ruby-2.1.3@robot_app/gems/actionpack-4.1.6/lib/action_dispatch/middleware/templates/routes/_route.html.erb (1.4ms)
  Rendered /home/rails/.rvm/gems/ruby-2.1.3@robot_app/gems/actionpack-4.1.6/lib/action_dispatch/middleware/templates/routes/_table.html.erb (1.7ms)
  Rendered /home/rails/.rvm/gems/ruby-2.1.3@robot_app/gems/actionpack-4.1.6/lib/action_dispatch/middleware/templates/rescues/routing_error.html.erb within rescues/layout (24.2ms)


Started GET "/assets/style.css?body=1" for 127.0.0.1 at 2014-10-21 23:29:12 +0530


Started GET "/assets/application.css?body=1" for 127.0.0.1 at 2014-10-21 23:29:12 +0530


Started GET "/assets/jquery.js?body=1" for 127.0.0.1 at 2014-10-21 23:29:12 +0530


Started GET "/assets/jquery_ujs.js?body=1" for 127.0.0.1 at 2014-10-21 23:29:12 +0530


Started GET "/assets/turbolinks.js?body=1" for 127.0.0.1 at 2014-10-21 23:29:12 +0530


Started GET "/assets/bootstrap.js?body=1" for 127.0.0.1 at 2014-10-21 23:29:12 +0530


Started GET "/assets/bootstrap.min.js?body=1" for 127.0.0.1 at 2014-10-21 23:29:12 +0530


Started GET "/assets/application.js?body=1" for 127.0.0.1 at 2014-10-21 23:29:12 +0530


Started GET "/?x_axis=&y_axis=" for 127.0.0.1 at 2014-10-21 23:29:53 +0530
Processing by HomeController#index as HTML
  Parameters: {"x_axis"=>"", "y_axis"=>""}
  Rendered home/index.html.erb within layouts/application (0.1ms)
Completed 200 OK in 92ms (Views: 92.0ms | ActiveRecord: 0.0ms)


Started GET "/assets/bootstrap-theme.css?body=1" for 127.0.0.1 at 2014-10-21 23:29:53 +0530


Started GET "/stylesheets/bootstrap-theme.css.map.css" for 127.0.0.1 at 2014-10-21 23:29:53 +0530

ActionController::RoutingError (No route matches [GET] "/stylesheets/bootstrap-theme.css.map.css"):
  actionpack (4.1.6) lib/action_dispatch/middleware/debug_exceptions.rb:21:in `call'
  actionpack (4.1.6) lib/action_dispatch/middleware/show_exceptions.rb:30:in `call'
  railties (4.1.6) lib/rails/rack/logger.rb:38:in `call_app'
  railties (4.1.6) lib/rails/rack/logger.rb:20:in `block in call'
  activesupport (4.1.6) lib/active_support/tagged_logging.rb:68:in `block in tagged'
  activesupport (4.1.6) lib/active_support/tagged_logging.rb:26:in `tagged'
  activesupport (4.1.6) lib/active_support/tagged_logging.rb:68:in `tagged'
  railties (4.1.6) lib/rails/rack/logger.rb:20:in `call'
  actionpack (4.1.6) lib/action_dispatch/middleware/request_id.rb:21:in `call'
  rack (1.5.2) lib/rack/methodoverride.rb:21:in `call'
  rack (1.5.2) lib/rack/runtime.rb:17:in `call'
  activesupport (4.1.6) lib/active_support/cache/strategy/local_cache_middleware.rb:26:in `call'
  rack (1.5.2) lib/rack/lock.rb:17:in `call'
  actionpack (4.1.6) lib/action_dispatch/middleware/static.rb:64:in `call'
  rack (1.5.2) lib/rack/sendfile.rb:112:in `call'
  railties (4.1.6) lib/rails/engine.rb:514:in `call'
  railties (4.1.6) lib/rails/application.rb:144:in `call'
  rack (1.5.2) lib/rack/lock.rb:17:in `call'
  rack (1.5.2) lib/rack/content_length.rb:14:in `call'
  rack (1.5.2) lib/rack/handler/webrick.rb:60:in `service'
  /home/rails/.rvm/rubies/ruby-2.1.3/lib/ruby/2.1.0/webrick/httpserver.rb:138:in `service'
  /home/rails/.rvm/rubies/ruby-2.1.3/lib/ruby/2.1.0/webrick/httpserver.rb:94:in `run'
  /home/rails/.rvm/rubies/ruby-2.1.3/lib/ruby/2.1.0/webrick/server.rb:295:in `block in start_thread'


  Rendered /home/rails/.rvm/gems/ruby-2.1.3@robot_app/gems/actionpack-4.1.6/lib/action_dispatch/middleware/templates/rescues/_trace.html.erb (2.5ms)
  Rendered /home/rails/.rvm/gems/ruby-2.1.3@robot_app/gems/actionpack-4.1.6/lib/action_dispatch/middleware/templates/routes/_route.html.erb (0.9ms)
  Rendered /home/rails/.rvm/gems/ruby-2.1.3@robot_app/gems/actionpack-4.1.6/lib/action_dispatch/middleware/templates/routes/_table.html.erb (1.2ms)
  Rendered /home/rails/.rvm/gems/ruby-2.1.3@robot_app/gems/actionpack-4.1.6/lib/action_dispatch/middleware/templates/rescues/routing_error.html.erb within rescues/layout (18.3ms)


Started GET "/assets/bootstrap.css?body=1" for 127.0.0.1 at 2014-10-21 23:29:53 +0530


Started GET "/assets/bootstrap-theme.min.css?body=1" for 127.0.0.1 at 2014-10-21 23:29:53 +0530


Started GET "/assets/style.css?body=1" for 127.0.0.1 at 2014-10-21 23:29:53 +0530


Started GET "/stylesheets/bootstrap.css.map.css" for 127.0.0.1 at 2014-10-21 23:29:53 +0530

ActionController::RoutingError (No route matches [GET] "/stylesheets/bootstrap.css.map.css"):
  actionpack (4.1.6) lib/action_dispatch/middleware/debug_exceptions.rb:21:in `call'
  actionpack (4.1.6) lib/action_dispatch/middleware/show_exceptions.rb:30:in `call'
  railties (4.1.6) lib/rails/rack/logger.rb:38:in `call_app'
  railties (4.1.6) lib/rails/rack/logger.rb:20:in `block in call'
  activesupport (4.1.6) lib/active_support/tagged_logging.rb:68:in `block in tagged'
  activesupport (4.1.6) lib/active_support/tagged_logging.rb:26:in `tagged'
  activesupport (4.1.6) lib/active_support/tagged_logging.rb:68:in `tagged'
  railties (4.1.6) lib/rails/rack/logger.rb:20:in `call'
  actionpack (4.1.6) lib/action_dispatch/middleware/request_id.rb:21:in `call'
  rack (1.5.2) lib/rack/methodoverride.rb:21:in `call'
  rack (1.5.2) lib/rack/runtime.rb:17:in `call'
  activesupport (4.1.6) lib/active_support/cache/strategy/local_cache_middleware.rb:26:in `call'
  rack (1.5.2) lib/rack/lock.rb:17:in `call'
  actionpack (4.1.6) lib/action_dispatch/middleware/static.rb:64:in `call'
  rack (1.5.2) lib/rack/sendfile.rb:112:in `call'
  railties (4.1.6) lib/rails/engine.rb:514:in `call'
  railties (4.1.6) lib/rails/application.rb:144:in `call'
  rack (1.5.2) lib/rack/lock.rb:17:in `call'
  rack (1.5.2) lib/rack/content_length.rb:14:in `call'
  rack (1.5.2) lib/rack/handler/webrick.rb:60:in `service'
  /home/rails/.rvm/rubies/ruby-2.1.3/lib/ruby/2.1.0/webrick/httpserver.rb:138:in `service'
  /home/rails/.rvm/rubies/ruby-2.1.3/lib/ruby/2.1.0/webrick/httpserver.rb:94:in `run'
  /home/rails/.rvm/rubies/ruby-2.1.3/lib/ruby/2.1.0/webrick/server.rb:295:in `block in start_thread'


  Rendered /home/rails/.rvm/gems/ruby-2.1.3@robot_app/gems/actionpack-4.1.6/lib/action_dispatch/middleware/templates/rescues/_trace.html.erb (1.1ms)
  Rendered /home/rails/.rvm/gems/ruby-2.1.3@robot_app/gems/actionpack-4.1.6/lib/action_dispatch/middleware/templates/routes/_route.html.erb (1.0ms)
  Rendered /home/rails/.rvm/gems/ruby-2.1.3@robot_app/gems/actionpack-4.1.6/lib/action_dispatch/middleware/templates/routes/_table.html.erb (1.9ms)
  Rendered /home/rails/.rvm/gems/ruby-2.1.3@robot_app/gems/actionpack-4.1.6/lib/action_dispatch/middleware/templates/rescues/routing_error.html.erb within rescues/layout (17.4ms)


Started GET "/assets/bootstrap.min.css?body=1" for 127.0.0.1 at 2014-10-21 23:29:53 +0530


Started GET "/assets/application.css?body=1" for 127.0.0.1 at 2014-10-21 23:29:53 +0530


Started GET "/assets/jquery.js?body=1" for 127.0.0.1 at 2014-10-21 23:29:53 +0530


Started GET "/assets/jquery_ujs.js?body=1" for 127.0.0.1 at 2014-10-21 23:29:53 +0530


Started GET "/assets/turbolinks.js?body=1" for 127.0.0.1 at 2014-10-21 23:29:53 +0530


Started GET "/assets/bootstrap.js?body=1" for 127.0.0.1 at 2014-10-21 23:29:53 +0530


Started GET "/assets/bootstrap.min.js?body=1" for 127.0.0.1 at 2014-10-21 23:29:53 +0530


Started GET "/assets/application.js?body=1" for 127.0.0.1 at 2014-10-21 23:29:53 +0530


Started GET "/?x_axis=2&y_axis=2" for 127.0.0.1 at 2014-10-21 23:30:06 +0530
Processing by HomeController#index as HTML
  Parameters: {"x_axis"=>"2", "y_axis"=>"2"}
  Rendered home/index.html.erb within layouts/application (0.1ms)
Completed 200 OK in 69ms (Views: 68.0ms | ActiveRecord: 0.0ms)


Started GET "/stylesheets/bootstrap-theme.css.map.css" for 127.0.0.1 at 2014-10-21 23:30:06 +0530

ActionController::RoutingError (No route matches [GET] "/stylesheets/bootstrap-theme.css.map.css"):
  actionpack (4.1.6) lib/action_dispatch/middleware/debug_exceptions.rb:21:in `call'
  actionpack (4.1.6) lib/action_dispatch/middleware/show_exceptions.rb:30:in `call'
  railties (4.1.6) lib/rails/rack/logger.rb:38:in `call_app'
  railties (4.1.6) lib/rails/rack/logger.rb:20:in `block in call'
  activesupport (4.1.6) lib/active_support/tagged_logging.rb:68:in `block in tagged'
  activesupport (4.1.6) lib/active_support/tagged_logging.rb:26:in `tagged'
  activesupport (4.1.6) lib/active_support/tagged_logging.rb:68:in `tagged'
  railties (4.1.6) lib/rails/rack/logger.rb:20:in `call'
  actionpack (4.1.6) lib/action_dispatch/middleware/request_id.rb:21:in `call'
  rack (1.5.2) lib/rack/methodoverride.rb:21:in `call'
  rack (1.5.2) lib/rack/runtime.rb:17:in `call'
  activesupport (4.1.6) lib/active_support/cache/strategy/local_cache_middleware.rb:26:in `call'
  rack (1.5.2) lib/rack/lock.rb:17:in `call'
  actionpack (4.1.6) lib/action_dispatch/middleware/static.rb:64:in `call'
  rack (1.5.2) lib/rack/sendfile.rb:112:in `call'
  railties (4.1.6) lib/rails/engine.rb:514:in `call'
  railties (4.1.6) lib/rails/application.rb:144:in `call'
  rack (1.5.2) lib/rack/lock.rb:17:in `call'
  rack (1.5.2) lib/rack/content_length.rb:14:in `call'
  rack (1.5.2) lib/rack/handler/webrick.rb:60:in `service'
  /home/rails/.rvm/rubies/ruby-2.1.3/lib/ruby/2.1.0/webrick/httpserver.rb:138:in `service'
  /home/rails/.rvm/rubies/ruby-2.1.3/lib/ruby/2.1.0/webrick/httpserver.rb:94:in `run'
  /home/rails/.rvm/rubies/ruby-2.1.3/lib/ruby/2.1.0/webrick/server.rb:295:in `block in start_thread'


  Rendered /home/rails/.rvm/gems/ruby-2.1.3@robot_app/gems/actionpack-4.1.6/lib/action_dispatch/middleware/templates/rescues/_trace.html.erb (1.3ms)
  Rendered /home/rails/.rvm/gems/ruby-2.1.3@robot_app/gems/actionpack-4.1.6/lib/action_dispatch/middleware/templates/routes/_route.html.erb (1.3ms)
  Rendered /home/rails/.rvm/gems/ruby-2.1.3@robot_app/gems/actionpack-4.1.6/lib/action_dispatch/middleware/templates/routes/_table.html.erb (1.2ms)
  Rendered /home/rails/.rvm/gems/ruby-2.1.3@robot_app/gems/actionpack-4.1.6/lib/action_dispatch/middleware/templates/rescues/routing_error.html.erb within rescues/layout (19.2ms)


Started GET "/assets/bootstrap-theme.css?body=1" for 127.0.0.1 at 2014-10-21 23:30:06 +0530


Started GET "/assets/bootstrap.css?body=1" for 127.0.0.1 at 2014-10-21 23:30:06 +0530


Started GET "/assets/bootstrap.min.css?body=1" for 127.0.0.1 at 2014-10-21 23:30:06 +0530


Started GET "/stylesheets/bootstrap.css.map.css" for 127.0.0.1 at 2014-10-21 23:30:06 +0530

ActionController::RoutingError (No route matches [GET] "/stylesheets/bootstrap.css.map.css"):
  actionpack (4.1.6) lib/action_dispatch/middleware/debug_exceptions.rb:21:in `call'
  actionpack (4.1.6) lib/action_dispatch/middleware/show_exceptions.rb:30:in `call'
  railties (4.1.6) lib/rails/rack/logger.rb:38:in `call_app'
  railties (4.1.6) lib/rails/rack/logger.rb:20:in `block in call'
  activesupport (4.1.6) lib/active_support/tagged_logging.rb:68:in `block in tagged'
  activesupport (4.1.6) lib/active_support/tagged_logging.rb:26:in `tagged'
  activesupport (4.1.6) lib/active_support/tagged_logging.rb:68:in `tagged'
  railties (4.1.6) lib/rails/rack/logger.rb:20:in `call'
  actionpack (4.1.6) lib/action_dispatch/middleware/request_id.rb:21:in `call'
  rack (1.5.2) lib/rack/methodoverride.rb:21:in `call'
  rack (1.5.2) lib/rack/runtime.rb:17:in `call'
  activesupport (4.1.6) lib/active_support/cache/strategy/local_cache_middleware.rb:26:in `call'
  rack (1.5.2) lib/rack/lock.rb:17:in `call'
  actionpack (4.1.6) lib/action_dispatch/middleware/static.rb:64:in `call'
  rack (1.5.2) lib/rack/sendfile.rb:112:in `call'
  railties (4.1.6) lib/rails/engine.rb:514:in `call'
  railties (4.1.6) lib/rails/application.rb:144:in `call'
  rack (1.5.2) lib/rack/lock.rb:17:in `call'
  rack (1.5.2) lib/rack/content_length.rb:14:in `call'
  rack (1.5.2) lib/rack/handler/webrick.rb:60:in `service'
  /home/rails/.rvm/rubies/ruby-2.1.3/lib/ruby/2.1.0/webrick/httpserver.rb:138:in `service'
  /home/rails/.rvm/rubies/ruby-2.1.3/lib/ruby/2.1.0/webrick/httpserver.rb:94:in `run'
  /home/rails/.rvm/rubies/ruby-2.1.3/lib/ruby/2.1.0/webrick/server.rb:295:in `block in start_thread'


  Rendered /home/rails/.rvm/gems/ruby-2.1.3@robot_app/gems/actionpack-4.1.6/lib/action_dispatch/middleware/templates/rescues/_trace.html.erb (1.3ms)
  Rendered /home/rails/.rvm/gems/ruby-2.1.3@robot_app/gems/actionpack-4.1.6/lib/action_dispatch/middleware/templates/routes/_route.html.erb (0.9ms)
  Rendered /home/rails/.rvm/gems/ruby-2.1.3@robot_app/gems/actionpack-4.1.6/lib/action_dispatch/middleware/templates/routes/_table.html.erb (1.1ms)
  Rendered /home/rails/.rvm/gems/ruby-2.1.3@robot_app/gems/actionpack-4.1.6/lib/action_dispatch/middleware/templates/rescues/routing_error.html.erb within rescues/layout (17.2ms)


Started GET "/assets/bootstrap-theme.min.css?body=1" for 127.0.0.1 at 2014-10-21 23:30:07 +0530


Started GET "/assets/style.css?body=1" for 127.0.0.1 at 2014-10-21 23:30:07 +0530


Started GET "/assets/application.css?body=1" for 127.0.0.1 at 2014-10-21 23:30:07 +0530


Started GET "/assets/jquery.js?body=1" for 127.0.0.1 at 2014-10-21 23:30:07 +0530


Started GET "/assets/jquery_ujs.js?body=1" for 127.0.0.1 at 2014-10-21 23:30:07 +0530


Started GET "/assets/turbolinks.js?body=1" for 127.0.0.1 at 2014-10-21 23:30:07 +0530


Started GET "/assets/bootstrap.js?body=1" for 127.0.0.1 at 2014-10-21 23:30:07 +0530


Started GET "/assets/bootstrap.min.js?body=1" for 127.0.0.1 at 2014-10-21 23:30:07 +0530


Started GET "/assets/application.js?body=1" for 127.0.0.1 at 2014-10-21 23:30:07 +0530
